<?xml version="1.0" encoding="UTF-8"?>
<testsuite name="de.htwberlin.webtech.calendar.CalendarApplicationTests" tests="1" skipped="0" failures="0" errors="0" timestamp="2025-06-12T09:58:19.475Z" hostname="schlingelos" time="1.213">
  <properties/>
  <testcase name="contextLoads()" classname="de.htwberlin.webtech.calendar.CalendarApplicationTests" time="1.213"/>
  <system-out><![CDATA[11:58:14.658 [Test worker] INFO org.springframework.test.context.support.AnnotationConfigContextLoaderUtils -- Could not detect default configuration classes for test class [de.htwberlin.webtech.calendar.CalendarApplicationTests]: CalendarApplicationTests does not declare any static, non-private, non-final, nested classes annotated with @Configuration.
11:58:14.888 [Test worker] INFO org.springframework.boot.test.context.SpringBootTestContextBootstrapper -- Found @SpringBootConfiguration de.htwberlin.webtech.calendar.CalendarApplication for test class de.htwberlin.webtech.calendar.CalendarApplicationTests

  .   ____          _            __ _ _
 /\\ / ___'_ __ _ _(_)_ __  __ _ \ \ \ \
( ( )\___ | '_ | '_| | '_ \/ _` | \ \ \ \
 \\/  ___)| |_)| | | | | || (_| |  ) ) ) )
  '  |____| .__|_| |_|_| |_\__, | / / / /
 =========|_|==============|___/=/_/_/_/

 :: Spring Boot ::                (v3.4.5)

2025-06-12T11:58:16.230+02:00  INFO 819934 --- [calendar] [    Test worker] d.h.w.calendar.CalendarApplicationTests  : Starting CalendarApplicationTests using Java 21.0.7 with PID 819934 (started by schlingel in /home/schlingel/Dokumente/WebTech/Git/Event-Calendar-Backend)
2025-06-12T11:58:16.245+02:00  INFO 819934 --- [calendar] [    Test worker] d.h.w.calendar.CalendarApplicationTests  : No active profile set, falling back to 1 default profile: "default"
2025-06-12T11:58:19.254+02:00  WARN 819934 --- [calendar] [    Test worker] ion$DefaultTemplateResolverConfiguration : Cannot find template location: classpath:/templates/ (please add some templates, check your Thymeleaf configuration, or set spring.thymeleaf.check-template-location=false)
2025-06-12T11:58:19.448+02:00  INFO 819934 --- [calendar] [    Test worker] d.h.w.calendar.CalendarApplicationTests  : Started CalendarApplicationTests in 4.288 seconds (process running for 6.398)
]]></system-out>
  <system-err><![CDATA[Mockito is currently self-attaching to enable the inline-mock-maker. This will no longer work in future releases of the JDK. Please add Mockito as an agent to your build what is described in Mockito's documentation: https://javadoc.io/doc/org.mockito/mockito-core/latest/org/mockito/Mockito.html#0.3
WARNING: A Java agent has been loaded dynamically (/home/schlingel/.gradle/caches/modules-2/files-2.1/net.bytebuddy/byte-buddy-agent/1.15.11/a38b16385e867f59a641330f0362ebe742788ed8/byte-buddy-agent-1.15.11.jar)
WARNING: If a serviceability tool is in use, please run with -XX:+EnableDynamicAgentLoading to hide this warning
WARNING: If a serviceability tool is not in use, please run with -Djdk.instrument.traceUsage for more information
WARNING: Dynamic loading of agents will be disallowed by default in a future release
]]></system-err>
</testsuite>
